<?xml version="1.0" encoding="UTF-8"?>
<!-- Generated by org.testng.reporters.JUnitXMLReporter -->
<testsuite hostname="AUL-DEV-03" ignored="0" name="Testing ADL Website" tests="5" failures="1" timestamp="2021-12-02T22:58:26 PST" time="38.54" errors="0">
  <testcase name="@AfterClass close" time="1.243" classname="testsuites.contract_test">
    <failure type="org.openqa.selenium.ElementClickInterceptedException" message="element click intercepted: Element &amp;lt;mat-icon _ngcontent-iwc-c285=&amp;quot;&amp;quot; role=&amp;quot;img&amp;quot; class=&amp;quot;mat-icon notranslate dropdown__icon material-icons mat-icon-no-color&amp;quot; aria-hidden=&amp;quot;true&amp;quot;&amp;gt;...&amp;lt;/mat-icon&amp;gt; is not clickable at point (1499, 40). Other element would receive the click: &amp;lt;button _ngcontent-iwc-c285=&amp;quot;&amp;quot; aria-haspopup=&amp;quot;true&amp;quot; class=&amp;quot;mat-menu-trigger&amp;quot;&amp;gt;...&amp;lt;/button&amp;gt;
  (Session info: chrome=95.0.4638.69)
Build info: version: &amp;apos;4.0.0&amp;apos;, revision: &amp;apos;3a21814679&amp;apos;
System info: host: &amp;apos;AUL-DEV-03&amp;apos;, ip: &amp;apos;10.0.5.63&amp;apos;, os.name: &amp;apos;Windows 10&amp;apos;, os.arch: &amp;apos;amd64&amp;apos;, os.version: &amp;apos;10.0&amp;apos;, java.version: &amp;apos;1.8.0_261&amp;apos;
Driver info: org.openqa.selenium.chrome.ChromeDriver
Command: [1067b1098576db71741359493911aa55, clickElement {id=f69781b4-0a93-4995-9d1b-4793426daf2a}]
Capabilities {acceptInsecureCerts: false, browserName: chrome, browserVersion: 95.0.4638.69, chrome: {chromedriverVersion: 95.0.4638.69 (6a1600ed572fe..., userDataDir: C:\Users\ANKIT~1.SRI\AppDat...}, goog:chromeOptions: {debuggerAddress: localhost:55360}, javascriptEnabled: true, networkConnectionEnabled: false, pageLoadStrategy: normal, platform: WINDOWS, platformName: WINDOWS, proxy: Proxy(), se:cdp: ws://localhost:55360/devtoo..., se:cdpVersion: 95.0.4638.69, setWindowRect: true, strictFileInteractability: false, timeouts: {implicit: 0, pageLoad: 300000, script: 30000}, unhandledPromptBehavior: dismiss and notify, webauthn:extension:credBlob: true, webauthn:extension:largeBlob: true, webauthn:virtualAuthenticators: true}
Element: [[ChromeDriver: chrome on WINDOWS (1067b1098576db71741359493911aa55)] -&amp;gt; css selector: header &amp;gt; div &amp;gt; div &amp;gt; button &amp;gt; mat-icon]
Session ID: 1067b1098576db71741359493911aa55">
      <![CDATA[org.openqa.selenium.ElementClickInterceptedException: element click intercepted: Element <mat-icon _ngcontent-iwc-c285="" role="img" class="mat-icon notranslate dropdown__icon material-icons mat-icon-no-color" aria-hidden="true">...</mat-icon> is not clickable at point (1499, 40). Other element would receive the click: <button _ngcontent-iwc-c285="" aria-haspopup="true" class="mat-menu-trigger">...</button>
  (Session info: chrome=95.0.4638.69)
Build info: version: '4.0.0', revision: '3a21814679'
System info: host: 'AUL-DEV-03', ip: '10.0.5.63', os.name: 'Windows 10', os.arch: 'amd64', os.version: '10.0', java.version: '1.8.0_261'
Driver info: org.openqa.selenium.chrome.ChromeDriver
Command: [1067b1098576db71741359493911aa55, clickElement {id=f69781b4-0a93-4995-9d1b-4793426daf2a}]
Capabilities {acceptInsecureCerts: false, browserName: chrome, browserVersion: 95.0.4638.69, chrome: {chromedriverVersion: 95.0.4638.69 (6a1600ed572fe..., userDataDir: C:\Users\ANKIT~1.SRI\AppDat...}, goog:chromeOptions: {debuggerAddress: localhost:55360}, javascriptEnabled: true, networkConnectionEnabled: false, pageLoadStrategy: normal, platform: WINDOWS, platformName: WINDOWS, proxy: Proxy(), se:cdp: ws://localhost:55360/devtoo..., se:cdpVersion: 95.0.4638.69, setWindowRect: true, strictFileInteractability: false, timeouts: {implicit: 0, pageLoad: 300000, script: 30000}, unhandledPromptBehavior: dismiss and notify, webauthn:extension:credBlob: true, webauthn:extension:largeBlob: true, webauthn:virtualAuthenticators: true}
Element: [[ChromeDriver: chrome on WINDOWS (1067b1098576db71741359493911aa55)] -> css selector: header > div > div > button > mat-icon]
Session ID: 1067b1098576db71741359493911aa55
at org.openqa.selenium.remote.codec.w3c.W3CHttpResponseCodec.createException(W3CHttpResponseCodec.java:200)
at org.openqa.selenium.remote.codec.w3c.W3CHttpResponseCodec.decode(W3CHttpResponseCodec.java:133)
at org.openqa.selenium.remote.codec.w3c.W3CHttpResponseCodec.decode(W3CHttpResponseCodec.java:53)
at org.openqa.selenium.remote.HttpCommandExecutor.execute(HttpCommandExecutor.java:184)
at org.openqa.selenium.remote.service.DriverCommandExecutor.invokeExecute(DriverCommandExecutor.java:164)
at org.openqa.selenium.remote.service.DriverCommandExecutor.execute(DriverCommandExecutor.java:139)
at org.openqa.selenium.remote.RemoteWebDriver.execute(RemoteWebDriver.java:559)
at org.openqa.selenium.remote.RemoteWebElement.execute(RemoteWebElement.java:251)
at org.openqa.selenium.remote.RemoteWebElement.click(RemoteWebElement.java:77)
at po.loginpo.logout(loginpo.java:37)
at testsuites.contract_test.close(contract_test.java:46)
at java.util.ArrayList.forEach(ArrayList.java:1259)
... Removed 29 stack frames]]>
    </failure>
  </testcase> <!-- @AfterClass close -->
  <testcase name="@BeforeClass login" time="11.748" classname="testsuites.quote_test">
    <failure type="java.lang.IndexOutOfBoundsException" message="Index: 0, Size: 0">
      <![CDATA[java.lang.IndexOutOfBoundsException: Index: 0, Size: 0
at java.util.ArrayList.rangeCheck(ArrayList.java:659)
at java.util.ArrayList.get(ArrayList.java:435)
at po.loginpo.login(loginpo.java:26)
at testsuites.quote_test.login(quote_test.java:24)
at java.util.ArrayList.forEach(ArrayList.java:1259)
... Removed 25 stack frames]]>
    </failure>
  </testcase> <!-- @BeforeClass login -->
  <testcase name="@AfterClass close" time="-1.638514706258E9" classname="testsuites.quote_test">
    <skipped/>
  </testcase> <!-- @AfterClass close -->
  <testcase name="welcomePage" time="8.477" classname="testsuites.login_test"/>
  <testcase name="loggedIn" time="3.21" classname="testsuites.login_test"/>
  <testcase name="logout1" time="0.408" classname="testsuites.login_test"/>
  <testcase name="createContract1" time="5.296" classname="testsuites.contract_test">
    <failure type="java.lang.IndexOutOfBoundsException" message="Index: 2, Size: 2">
      <![CDATA[java.lang.IndexOutOfBoundsException: Index: 2, Size: 2
at java.util.ArrayList.rangeCheck(ArrayList.java:659)
at java.util.ArrayList.get(ArrayList.java:435)
at po.contractpo.createContract(contractpo.java:49)
at testsuites.contract_test.createContract1(contract_test.java:37)
at java.util.ArrayList.forEach(ArrayList.java:1259)
... Removed 27 stack frames]]>
    </failure>
  </testcase> <!-- createContract1 -->
  <testcase name="createQuote1" time="0.0" classname="testsuites.quote_test">
    <skipped/>
  </testcase> <!-- createQuote1 -->
</testsuite> <!-- Testing ADL Website -->
