<!DOCTYPE html PUBLIC "-//W3C//DTD XHTML 1.1//EN" "https://www.w3.org/TR/xhtml11/DTD/xhtml11.dtd">
<html xmlns="https://www.w3.org/1999/xhtml">
<head>
<meta http-equiv="content-type" content="text/html; charset=UTF-8"/>
<title>TestNG Report</title>
<style type="text/css">table {margin-bottom:10px;border-collapse:collapse;empty-cells:show}th,td {border:1px solid #009;padding:.25em .5em}th {vertical-align:bottom}td {vertical-align:top}table a {font-weight:bold}.stripe td {background-color: #E6EBF9}.num {text-align:right}.passedodd td {background-color: #3F3}.passedeven td {background-color: #0A0}.skippedodd td {background-color: #DDD}.skippedeven td {background-color: #CCC}.failedodd td,.attn {background-color: #F33}.failedeven td,.stripe .attn {background-color: #D00}.stacktrace {white-space:pre;font-family:monospace}.totop {font-size:85%;text-align:center;border-bottom:2px solid #000}.invisible {display:none}</style>
</head>
<body>
<table>
<tr><th>Test</th><th># Passed</th><th># Skipped</th><th># Retried</th><th># Failed</th><th>Time (ms)</th><th>Included Groups</th><th>Excluded Groups</th></tr>
<tr><th colspan="8">Testing ADL Website</th></tr>
<tr><td><a href="#t0">Testing ADL Website</a></td><td class="num">3</td><td class="num attn">1</td><td class="num">0</td><td class="num attn">1</td><td class="num">38,540</td><td></td><td></td></tr>
</table>
<table id='summary'><thead><tr><th>Class</th><th>Method</th><th>Start</th><th>Time (ms)</th></tr></thead><tbody><tr><th colspan="4">Testing ADL Website</th></tr></tbody><tbody id="t0"><tr><th colspan="4">Testing ADL Website &#8212; failed (configuration methods)</th></tr><tr class="failedeven"><td rowspan="1">testsuites.contract_test</td><td><a href="#m0">close</a></td><td rowspan="1">1638514693216</td><td rowspan="1">1243</td></tr><tr class="failedodd"><td rowspan="1">testsuites.quote_test</td><td><a href="#m1">login</a></td><td rowspan="1">1638514694476</td><td rowspan="1">11748</td></tr><tr><th colspan="4">Testing ADL Website &#8212; failed</th></tr><tr class="failedeven"><td rowspan="1">testsuites.contract_test</td><td><a href="#m2">createContract1</a></td><td rowspan="1">1638514687905</td><td rowspan="1">5296</td></tr><tr><th colspan="4">Testing ADL Website &#8212; skipped (configuration methods)</th></tr><tr class="skippedeven"><td rowspan="1">testsuites.quote_test</td><td><a href="#m3">close</a></td><td rowspan="1">1638514706258</td><td rowspan="1">-1638514706258</td></tr><tr><th colspan="4">Testing ADL Website &#8212; skipped</th></tr><tr class="skippedeven"><td rowspan="1">testsuites.quote_test</td><td><a href="#m4">createQuote1</a></td><td rowspan="1">1638514706236</td><td rowspan="1">0</td></tr><tr><th colspan="4">Testing ADL Website &#8212; passed</th></tr><tr class="passedeven"><td rowspan="3">testsuites.login_test</td><td><a href="#m5">loggedIn</a></td><td rowspan="1">1638514676321</td><td rowspan="1">3210</td></tr><tr class="passedeven"><td><a href="#m6">logout1</a></td><td rowspan="1">1638514679536</td><td rowspan="1">408</td></tr><tr class="passedeven"><td><a href="#m7">welcomePage</a></td><td rowspan="1">1638514667795</td><td rowspan="1">8477</td></tr></tbody>
</table>
<h2>Testing ADL Website</h2><h3 id="m0">testsuites.contract_test#close</h3><table class="result"><tr><th>Exception</th></tr><tr><td><div class="stacktrace">org.openqa.selenium.ElementClickInterceptedException: element click intercepted: Element &lt;mat-icon _ngcontent-iwc-c285=&quot;&quot; role=&quot;img&quot; class=&quot;mat-icon notranslate dropdown__icon material-icons mat-icon-no-color&quot; aria-hidden=&quot;true&quot;&gt;...&lt;/mat-icon&gt; is not clickable at point (1499, 40). Other element would receive the click: &lt;button _ngcontent-iwc-c285=&quot;&quot; aria-haspopup=&quot;true&quot; class=&quot;mat-menu-trigger&quot;&gt;...&lt;/button&gt;
  (Session info: chrome=95.0.4638.69)
Build info: version: &apos;4.0.0&apos;, revision: &apos;3a21814679&apos;
System info: host: &apos;AUL-DEV-03&apos;, ip: &apos;10.0.5.63&apos;, os.name: &apos;Windows 10&apos;, os.arch: &apos;amd64&apos;, os.version: &apos;10.0&apos;, java.version: &apos;1.8.0_261&apos;
Driver info: org.openqa.selenium.chrome.ChromeDriver
Command: [1067b1098576db71741359493911aa55, clickElement {id=f69781b4-0a93-4995-9d1b-4793426daf2a}]
Capabilities {acceptInsecureCerts: false, browserName: chrome, browserVersion: 95.0.4638.69, chrome: {chromedriverVersion: 95.0.4638.69 (6a1600ed572fe..., userDataDir: C:\Users\ANKIT~1.SRI\AppDat...}, goog:chromeOptions: {debuggerAddress: localhost:55360}, javascriptEnabled: true, networkConnectionEnabled: false, pageLoadStrategy: normal, platform: WINDOWS, platformName: WINDOWS, proxy: Proxy(), se:cdp: ws://localhost:55360/devtoo..., se:cdpVersion: 95.0.4638.69, setWindowRect: true, strictFileInteractability: false, timeouts: {implicit: 0, pageLoad: 300000, script: 30000}, unhandledPromptBehavior: dismiss and notify, webauthn:extension:credBlob: true, webauthn:extension:largeBlob: true, webauthn:virtualAuthenticators: true}
Element: [[ChromeDriver: chrome on WINDOWS (1067b1098576db71741359493911aa55)] -&gt; css selector: header &gt; div &gt; div &gt; button &gt; mat-icon]
Session ID: 1067b1098576db71741359493911aa55
	at org.openqa.selenium.remote.codec.w3c.W3CHttpResponseCodec.createException(W3CHttpResponseCodec.java:200)
	at org.openqa.selenium.remote.codec.w3c.W3CHttpResponseCodec.decode(W3CHttpResponseCodec.java:133)
	at org.openqa.selenium.remote.codec.w3c.W3CHttpResponseCodec.decode(W3CHttpResponseCodec.java:53)
	at org.openqa.selenium.remote.HttpCommandExecutor.execute(HttpCommandExecutor.java:184)
	at org.openqa.selenium.remote.service.DriverCommandExecutor.invokeExecute(DriverCommandExecutor.java:164)
	at org.openqa.selenium.remote.service.DriverCommandExecutor.execute(DriverCommandExecutor.java:139)
	at org.openqa.selenium.remote.RemoteWebDriver.execute(RemoteWebDriver.java:559)
	at org.openqa.selenium.remote.RemoteWebElement.execute(RemoteWebElement.java:251)
	at org.openqa.selenium.remote.RemoteWebElement.click(RemoteWebElement.java:77)
	at po.loginpo.logout(loginpo.java:37)
	at testsuites.contract_test.close(contract_test.java:46)
	at java.util.ArrayList.forEach(ArrayList.java:1259)
... Removed 29 stack frames</div></td></tr></table><p class="totop"><a href="#summary">back to summary</a></p>
<h3 id="m1">testsuites.quote_test#login</h3><table class="result"><tr><th>Exception</th></tr><tr><td><div class="stacktrace">java.lang.IndexOutOfBoundsException: Index: 0, Size: 0
	at java.util.ArrayList.rangeCheck(ArrayList.java:659)
	at java.util.ArrayList.get(ArrayList.java:435)
	at po.loginpo.login(loginpo.java:26)
	at testsuites.quote_test.login(quote_test.java:24)
	at java.util.ArrayList.forEach(ArrayList.java:1259)
... Removed 25 stack frames</div></td></tr></table><p class="totop"><a href="#summary">back to summary</a></p>
<h3 id="m2">testsuites.contract_test#createContract1</h3><table class="result"><tr><th>Exception</th></tr><tr><td><div class="stacktrace">java.lang.IndexOutOfBoundsException: Index: 2, Size: 2
	at java.util.ArrayList.rangeCheck(ArrayList.java:659)
	at java.util.ArrayList.get(ArrayList.java:435)
	at po.contractpo.createContract(contractpo.java:49)
	at testsuites.contract_test.createContract1(contract_test.java:37)
	at java.util.ArrayList.forEach(ArrayList.java:1259)
... Removed 27 stack frames</div></td></tr></table><p class="totop"><a href="#summary">back to summary</a></p>
<h3 id="m3">testsuites.quote_test#close</h3><table class="result"><tr><th class="invisible"/></tr></table><p class="totop"><a href="#summary">back to summary</a></p>
<h3 id="m4">testsuites.quote_test#createQuote1</h3><table class="result"><tr><th>Exception</th></tr><tr><td><div class="stacktrace">java.lang.IndexOutOfBoundsException: Index: 0, Size: 0
	at java.util.ArrayList.rangeCheck(ArrayList.java:659)
	at java.util.ArrayList.get(ArrayList.java:435)
	at po.loginpo.login(loginpo.java:26)
	at testsuites.quote_test.login(quote_test.java:24)
	at java.util.ArrayList.forEach(ArrayList.java:1259)
... Removed 25 stack frames</div></td></tr></table><p class="totop"><a href="#summary">back to summary</a></p>
<h3 id="m5">testsuites.login_test#loggedIn</h3><table class="result"><tr class="param"><th>Parameter #1</th><th>Parameter #2</th></tr><tr class="param stripe"><td>Dealer7032823</td><td>4558600</td></tr></table><p class="totop"><a href="#summary">back to summary</a></p>
<h3 id="m6">testsuites.login_test#logout1</h3><table class="result"><tr><th class="invisible"/></tr></table><p class="totop"><a href="#summary">back to summary</a></p>
<h3 id="m7">testsuites.login_test#welcomePage</h3><table class="result"><tr><th class="invisible"/></tr></table><p class="totop"><a href="#summary">back to summary</a></p>
</body>
</html>
